This is XeTeX, Version 3.141592653-2.6-0.999993 (TeX Live 2021 Gentoo Linux) (preloaded format=xelatex 2023.1.11)  11 JAN 2023 02:07
entering extended mode
 restricted \write18 enabled.
 %&-line parsing enabled.
**src/components/AppNavbar.vue
(./src/components/AppNavbar.vue
LaTeX2e <2020-10-01> patch level 4
L3 programming layer <2021-02-18>

! LaTeX Error: Missing \begin{document}.

See the LaTeX manual or LaTeX Companion for explanation.
Type  H <return>  for immediate help.
 ...                                              
                                                  
l.3 <
     script lang="ts">
? 
! Emergency stop.
 ...                                              
                                                  
l.3 <
     script lang="ts">
You're in trouble here.  Try typing  <return>  to proceed.
If that doesn't work, type  X <return>  to quit.

 
Here is how much of TeX's memory you used:
 18 strings out of 478918
 487 string characters out of 5867538
 284552 words of memory out of 5000000
 19986 multiletter control sequences out of 15000+600000
 403430 words of font info for 27 fonts, out of 8000000 for 9000
 14 hyphenation exceptions out of 8191
 12i,0n,15p,60b,14s stack positions out of 5000i,500n,10000p,200000b,80000s
No pages of output.
