yarn run v1.22.19
$ vite

  VITE v4.0.4  ready in 272 ms

  ➜  Local:   http://localhost:5173/
  ➜  Network: use --host to expose
11:17:09 AM [vite] hmr update /src/views/HomeView.vue
11:18:22 AM [vite] hmr update /src/views/HomeView.vue
11:18:22 AM [vite] Internal server error: Element is missing end tag.
  Plugin: vite:vue
  File: /home/mayukh/dev/web/CS6131/src/views/HomeView.vue:6:5
  4  |    <main>
  5  |    <article>    
  6  |      <div style="">
     |       ^
  7  |      <h1>
  8  |        Welcome to <br />
      at createCompilerError (/home/mayukh/dev/web/CS6131/node_modules/@vue/compiler-core/dist/compiler-core.cjs.js:19:19)
      at emitError (/home/mayukh/dev/web/CS6131/node_modules/@vue/compiler-core/dist/compiler-core.cjs.js:1613:29)
      at parseElement (/home/mayukh/dev/web/CS6131/node_modules/@vue/compiler-core/dist/compiler-core.cjs.js:1165:9)
      at parseChildren (/home/mayukh/dev/web/CS6131/node_modules/@vue/compiler-core/dist/compiler-core.cjs.js:943:28)
      at parseElement (/home/mayukh/dev/web/CS6131/node_modules/@vue/compiler-core/dist/compiler-core.cjs.js:1144:22)
      at parseChildren (/home/mayukh/dev/web/CS6131/node_modules/@vue/compiler-core/dist/compiler-core.cjs.js:943:28)
      at parseElement (/home/mayukh/dev/web/CS6131/node_modules/@vue/compiler-core/dist/compiler-core.cjs.js:1144:22)
      at parseChildren (/home/mayukh/dev/web/CS6131/node_modules/@vue/compiler-core/dist/compiler-core.cjs.js:943:28)
      at parseElement (/home/mayukh/dev/web/CS6131/node_modules/@vue/compiler-core/dist/compiler-core.cjs.js:1144:22)
      at parseChildren (/home/mayukh/dev/web/CS6131/node_modules/@vue/compiler-core/dist/compiler-core.cjs.js:943:28)
11:18:33 AM [vite] hmr update /src/views/HomeView.vue
11:18:33 AM [vite] Internal server error: Element is missing end tag.
  Plugin: vite:vue
  File: /home/mayukh/dev/web/CS6131/src/views/HomeView.vue:6:5
  4  |    <main>
  5  |    <article>    
  6  |      <div style="width: 300rem">
     |       ^
  7  |      <h1>
  8  |        Welcome to <br />
      at createCompilerError (/home/mayukh/dev/web/CS6131/node_modules/@vue/compiler-core/dist/compiler-core.cjs.js:19:19)
      at emitError (/home/mayukh/dev/web/CS6131/node_modules/@vue/compiler-core/dist/compiler-core.cjs.js:1613:29)
      at parseElement (/home/mayukh/dev/web/CS6131/node_modules/@vue/compiler-core/dist/compiler-core.cjs.js:1165:9)
      at parseChildren (/home/mayukh/dev/web/CS6131/node_modules/@vue/compiler-core/dist/compiler-core.cjs.js:943:28)
      at parseElement (/home/mayukh/dev/web/CS6131/node_modules/@vue/compiler-core/dist/compiler-core.cjs.js:1144:22)
      at parseChildren (/home/mayukh/dev/web/CS6131/node_modules/@vue/compiler-core/dist/compiler-core.cjs.js:943:28)
      at parseElement (/home/mayukh/dev/web/CS6131/node_modules/@vue/compiler-core/dist/compiler-core.cjs.js:1144:22)
      at parseChildren (/home/mayukh/dev/web/CS6131/node_modules/@vue/compiler-core/dist/compiler-core.cjs.js:943:28)
      at parseElement (/home/mayukh/dev/web/CS6131/node_modules/@vue/compiler-core/dist/compiler-core.cjs.js:1144:22)
      at parseChildren (/home/mayukh/dev/web/CS6131/node_modules/@vue/compiler-core/dist/compiler-core.cjs.js:943:28)
11:19:04 AM [vite] hmr update /src/views/HomeView.vue
11:19:04 AM [vite] Internal server error: Invalid end tag.
  Plugin: vite:vue
  File: /home/mayukh/dev/web/CS6131/src/views/HomeView.vue:15:5
  13 |      <h1>
  14 |  
  15 |      </h2>
     |       ^
  16 |      <h2>
  17 |      </h2>
      at createCompilerError (/home/mayukh/dev/web/CS6131/node_modules/@vue/compiler-core/dist/compiler-core.cjs.js:19:19)
      at emitError (/home/mayukh/dev/web/CS6131/node_modules/@vue/compiler-core/dist/compiler-core.cjs.js:1613:29)
      at parseChildren (/home/mayukh/dev/web/CS6131/node_modules/@vue/compiler-core/dist/compiler-core.cjs.js:933:25)
      at parseElement (/home/mayukh/dev/web/CS6131/node_modules/@vue/compiler-core/dist/compiler-core.cjs.js:1144:22)
      at parseChildren (/home/mayukh/dev/web/CS6131/node_modules/@vue/compiler-core/dist/compiler-core.cjs.js:943:28)
      at parseElement (/home/mayukh/dev/web/CS6131/node_modules/@vue/compiler-core/dist/compiler-core.cjs.js:1144:22)
      at parseChildren (/home/mayukh/dev/web/CS6131/node_modules/@vue/compiler-core/dist/compiler-core.cjs.js:943:28)
      at parseElement (/home/mayukh/dev/web/CS6131/node_modules/@vue/compiler-core/dist/compiler-core.cjs.js:1144:22)
      at parseChildren (/home/mayukh/dev/web/CS6131/node_modules/@vue/compiler-core/dist/compiler-core.cjs.js:943:28)
      at parseElement (/home/mayukh/dev/web/CS6131/node_modules/@vue/compiler-core/dist/compiler-core.cjs.js:1144:22)
11:19:11 AM [vite] hmr update /src/views/HomeView.vue
11:19:11 AM [vite] Internal server error: Invalid end tag.
  Plugin: vite:vue
  File: /home/mayukh/dev/web/CS6131/src/views/HomeView.vue:16:5
  14 |      <h1>
  15 |  
  16 |      </h2>
     |       ^
  17 |      </div>
  18 |      <h2>
      at createCompilerError (/home/mayukh/dev/web/CS6131/node_modules/@vue/compiler-core/dist/compiler-core.cjs.js:19:19)
      at emitError (/home/mayukh/dev/web/CS6131/node_modules/@vue/compiler-core/dist/compiler-core.cjs.js:1613:29)
      at parseChildren (/home/mayukh/dev/web/CS6131/node_modules/@vue/compiler-core/dist/compiler-core.cjs.js:933:25)
      at parseElement (/home/mayukh/dev/web/CS6131/node_modules/@vue/compiler-core/dist/compiler-core.cjs.js:1144:22)
      at parseChildren (/home/mayukh/dev/web/CS6131/node_modules/@vue/compiler-core/dist/compiler-core.cjs.js:943:28)
      at parseElement (/home/mayukh/dev/web/CS6131/node_modules/@vue/compiler-core/dist/compiler-core.cjs.js:1144:22)
      at parseChildren (/home/mayukh/dev/web/CS6131/node_modules/@vue/compiler-core/dist/compiler-core.cjs.js:943:28)
      at parseElement (/home/mayukh/dev/web/CS6131/node_modules/@vue/compiler-core/dist/compiler-core.cjs.js:1144:22)
      at parseChildren (/home/mayukh/dev/web/CS6131/node_modules/@vue/compiler-core/dist/compiler-core.cjs.js:943:28)
      at parseElement (/home/mayukh/dev/web/CS6131/node_modules/@vue/compiler-core/dist/compiler-core.cjs.js:1144:22)
11:19:13 AM [vite] hmr update /src/views/HomeView.vue
11:19:20 AM [vite] hmr update /src/views/HomeView.vue
11:19:48 AM [vite] hmr update /src/views/HomeView.vue?vue&type=style&index=0&lang.scss
11:20:01 AM [vite] hmr update /src/views/HomeView.vue?vue&type=style&index=0&lang.scss
11:20:06 AM [vite] hmr update /src/views/HomeView.vue?vue&type=style&index=0&lang.scss
11:20:15 AM [vite] hmr update /src/views/HomeView.vue?vue&type=style&index=0&lang.scss, /src/views/HomeView.vue
11:23:11 AM [vite] hmr update /src/views/ContactView.vue
11:27:13 AM [vite] hmr update /src/views/HomeView.vue
11:27:31 AM [vite] hmr update /src/views/HomeView.vue
11:27:38 AM [vite] hmr update /src/views/HomeView.vue
11:29:04 AM [vite] hmr update /src/components/AppNavbar.vue?vue&type=style&index=0&lang.scss
11:29:07 AM [vite] hmr update /src/components/AppNavbar.vue?vue&type=style&index=0&lang.scss
11:29:10 AM [vite] hmr update /src/components/AppNavbar.vue?vue&type=style&index=0&lang.scss
11:29:31 AM [vite] hmr update /src/views/HomeView.vue
11:29:44 AM [vite] hmr update /src/views/HomeView.vue
11:30:06 AM [vite] hmr update /src/views/HomeView.vue
11:30:51 AM [vite] hmr update /src/components/AppNavbar.vue?vue&type=style&index=0&lang.scss
11:30:56 AM [vite] hmr update /src/components/AppNavbar.vue?vue&type=style&index=0&lang.scss
11:31:16 AM [vite] hmr update /src/components/AppNavbar.vue?vue&type=style&index=0&lang.scss
11:31:22 AM [vite] hmr update /src/views/HomeView.vue
11:31:31 AM [vite] hmr update /src/views/HomeView.vue?vue&type=style&index=0&lang.scss
11:31:31 AM [vite] Internal server error: [sass] expected "{".
  ╷
7 │   margin-left: 10rem;
  │                     ^
  ╵
  src/views/HomeView.vue 7:21  root stylesheet
  Plugin: vite:css
  File: /home/mayukh/dev/web/CS6131/src/views/HomeView.vue:30:20
  Error: expected "{".
    ╷
  7 │   margin-left: 10rem;
    │                     ^
    ╵
    src/views/HomeView.vue 7:21  root stylesheet
      at Object.wrapException (/home/mayukh/dev/web/CS6131/node_modules/sass/sass.dart.js:1247:17)
      at SpanScanner.error$3$length$position (/home/mayukh/dev/web/CS6131/node_modules/sass/sass.dart.js:67896:15)
      at SpanScanner.expectChar$2$name (/home/mayukh/dev/web/CS6131/node_modules/sass/sass.dart.js:67978:12)
      at SpanScanner.expectChar$1 (/home/mayukh/dev/web/CS6131/node_modules/sass/sass.dart.js:67981:19)
      at ScssParser0.children$1 (/home/mayukh/dev/web/CS6131/node_modules/sass/sass.dart.js:91335:10)
      at ScssParser0._stylesheet0$_withChildren$1$3 (/home/mayukh/dev/web/CS6131/node_modules/sass/sass.dart.js:97629:39)
      at ScssParser0._stylesheet0$_withChildren$3 (/home/mayukh/dev/web/CS6131/node_modules/sass/sass.dart.js:97634:19)
      at ScssParser0._stylesheet0$_styleRule$2 (/home/mayukh/dev/web/CS6131/node_modules/sass/sass.dart.js:94688:20)
      at ScssParser0._stylesheet0$_declarationOrStyleRule$0 (/home/mayukh/dev/web/CS6131/node_modules/sass/sass.dart.js:94551:87)
      at ScssParser0._stylesheet0$_statement$1$root (/home/mayukh/dev/web/CS6131/node_modules/sass/sass.dart.js:94462:166)
11:31:34 AM [vite] hmr update /src/views/HomeView.vue?vue&type=style&index=0&lang.scss
11:31:39 AM [vite] hmr update /src/views/HomeView.vue?vue&type=style&index=0&lang.scss
11:31:42 AM [vite] hmr update /src/views/HomeView.vue?vue&type=style&index=0&lang.scss
11:31:45 AM [vite] hmr update /src/views/HomeView.vue?vue&type=style&index=0&lang.scss
11:31:48 AM [vite] hmr update /src/views/HomeView.vue?vue&type=style&index=0&lang.scss
11:31:51 AM [vite] hmr update /src/views/HomeView.vue?vue&type=style&index=0&lang.scss
11:32:10 AM [vite] hmr update /src/views/HomeView.vue
11:32:35 AM [vite] hmr update /src/components/AppNavbar.vue?vue&type=style&index=0&lang.scss
11:32:54 AM [vite] page reload dist/index.html
11:32:54 AM [vite] hmr update /src/components/HelloWorld.vue
11:32:54 AM [vite] page reload src/main.js
11:32:54 AM [vite] page reload src/router/index.js
11:32:54 AM [vite] hmr update /src/views/ContactView.vue
11:32:54 AM [vite] hmr update /src/views/HomeView.vue?vue&type=style&index=0&lang.scss, /src/views/HomeView.vue
11:33:40 AM [vite] hmr update /src/components/AppNavbar.vue?vue&type=style&index=0&lang.scss
11:33:48 AM [vite] hmr update /src/components/AppNavbar.vue?vue&type=style&index=0&lang.scss
11:34:01 AM [vite] hmr update /src/components/AppNavbar.vue?vue&type=style&index=0&lang.scss
11:34:05 AM [vite] hmr update /src/components/AppNavbar.vue?vue&type=style&index=0&lang.scss
11:34:12 AM [vite] hmr update /src/components/AppNavbar.vue?vue&type=style&index=0&lang.scss
11:34:15 AM [vite] hmr update /src/components/AppNavbar.vue?vue&type=style&index=0&lang.scss
11:34:19 AM [vite] hmr update /src/components/AppNavbar.vue?vue&type=style&index=0&lang.scss
11:34:23 AM [vite] hmr update /src/components/AppNavbar.vue?vue&type=style&index=0&lang.scss
11:34:26 AM [vite] hmr update /src/components/AppNavbar.vue?vue&type=style&index=0&lang.scss
11:34:53 AM [vite] hmr update /src/components/AppNavbar.vue?vue&type=style&index=0&lang.scss
11:35:12 AM [vite] hmr update /src/components/AppNavbar.vue?vue&type=style&index=0&lang.scss
11:35:59 AM [vite] hmr update /src/views/HomeView.vue
11:36:04 AM [vite] hmr update /src/views/HomeView.vue
11:36:11 AM [vite] hmr update /src/views/HomeView.vue
11:36:13 AM [vite] hmr update /src/views/HomeView.vue?vue&type=style&index=0&lang.scss, /src/views/HomeView.vue
11:36:34 AM [vite] hmr update /src/views/HomeView.vue
11:36:51 AM [vite] hmr update /src/views/HomeView.vue
11:37:06 AM [vite] hmr update /src/views/HomeView.vue
11:37:20 AM [vite] hmr update /src/views/HomeView.vue
11:37:25 AM [vite] hmr update /src/views/HomeView.vue
11:37:29 AM [vite] hmr update /src/views/HomeView.vue
11:37:35 AM [vite] hmr update /src/views/HomeView.vue
11:37:44 AM [vite] hmr update /src/views/HomeView.vue
11:37:53 AM [vite] hmr update /src/views/HomeView.vue
11:37:58 AM [vite] hmr update /src/views/HomeView.vue
11:38:21 AM [vite] hmr update /src/views/HomeView.vue
11:38:32 AM [vite] hmr update /src/views/HomeView.vue
11:38:46 AM [vite] hmr update /src/views/HomeView.vue
11:38:50 AM [vite] hmr update /src/views/HomeView.vue
11:38:58 AM [vite] hmr update /src/views/HomeView.vue
11:39:17 AM [vite] hmr update /src/views/HomeView.vue?vue&type=style&index=0&lang.scss
11:39:36 AM [vite] hmr update /src/views/HomeView.vue
11:40:22 AM [vite] hmr update /src/views/HomeView.vue
11:40:34 AM [vite] hmr update /src/views/HomeView.vue
11:40:51 AM [vite] hmr update /src/views/HomeView.vue
11:40:59 AM [vite] hmr update /src/views/HomeView.vue
11:41:06 AM [vite] hmr update /src/views/HomeView.vue
12:04:34 PM [vite] hmr update /src/views/HomeView.vue
12:06:49 PM [vite] hmr update /src/views/HomeView.vue
12:21:10 PM [vite] hmr update /src/views/HomeView.vue
12:43:40 PM [vite] hmr update /src/views/HomeView.vue
12:45:04 PM [vite] hmr update /src/views/HomeView.vue
12:45:04 PM [vite] Internal server error: Element is missing end tag.
  Plugin: vite:vue
  File: /home/mayukh/dev/web/CS6131/src/views/HomeView.vue:27:9
  25 |            &#xE47D; &#xE22A; &#xE566; &#xE248; &#xE464; &#xE542; &#xE37D; &#xE429; &#xE248; &#xE199; <br />
  26 |            </h1>
  27 |          <b1>
     |           ^
  28 |            *k
  29 |        </div>
      at createCompilerError (/home/mayukh/dev/web/CS6131/node_modules/@vue/compiler-core/dist/compiler-core.cjs.js:19:19)
      at emitError (/home/mayukh/dev/web/CS6131/node_modules/@vue/compiler-core/dist/compiler-core.cjs.js:1613:29)
      at parseElement (/home/mayukh/dev/web/CS6131/node_modules/@vue/compiler-core/dist/compiler-core.cjs.js:1165:9)
      at parseChildren (/home/mayukh/dev/web/CS6131/node_modules/@vue/compiler-core/dist/compiler-core.cjs.js:943:28)
      at parseElement (/home/mayukh/dev/web/CS6131/node_modules/@vue/compiler-core/dist/compiler-core.cjs.js:1144:22)
      at parseChildren (/home/mayukh/dev/web/CS6131/node_modules/@vue/compiler-core/dist/compiler-core.cjs.js:943:28)
      at parseElement (/home/mayukh/dev/web/CS6131/node_modules/@vue/compiler-core/dist/compiler-core.cjs.js:1144:22)
      at parseChildren (/home/mayukh/dev/web/CS6131/node_modules/@vue/compiler-core/dist/compiler-core.cjs.js:943:28)
      at parseElement (/home/mayukh/dev/web/CS6131/node_modules/@vue/compiler-core/dist/compiler-core.cjs.js:1144:22)
      at parseChildren (/home/mayukh/dev/web/CS6131/node_modules/@vue/compiler-core/dist/compiler-core.cjs.js:943:28)
12:45:21 PM [vite] hmr update /src/views/HomeView.vue
12:45:36 PM [vite] hmr update /src/views/HomeView.vue
12:45:42 PM [vite] hmr update /src/views/HomeView.vue
12:46:39 PM [vite] hmr update /src/views/HomeView.vue
12:46:46 PM [vite] hmr update /src/views/HomeView.vue
12:46:46 PM [vite] hmr update /src/views/HomeView.vue, /src/views/HomeView.vue?vue&type=style&index=0&lang.scss
12:47:09 PM [vite] hmr update /src/views/HomeView.vue
12:51:23 PM [vite] hmr update /src/views/HomeView.vue
12:51:31 PM [vite] hmr update /src/views/HomeView.vue
12:54:05 PM [vite] hmr update /src/views/HomeView.vue
12:54:14 PM [vite] hmr update /src/views/HomeView.vue
12:54:18 PM [vite] hmr update /src/views/HomeView.vue
12:54:27 PM [vite] hmr update /src/views/HomeView.vue
12:54:32 PM [vite] hmr update /src/views/HomeView.vue
12:55:05 PM [vite] hmr update /src/views/HomeView.vue
12:55:34 PM [vite] hmr update /src/views/HomeView.vue
12:55:34 PM [vite] Internal server error: Attribute name cannot contain U+0022 ("), U+0027 ('), and U+003C (<).
  Plugin: vite:vue
  File: /home/mayukh/dev/web/CS6131/src/views/HomeView.vue:39:33
  37 |        </div>
  38 |  
  39 |        <div style="clear: both;" </div>
     |                                   ^
  40 |        <h2>Welcome</h2>
  41 |      </article>
      at createCompilerError (/home/mayukh/dev/web/CS6131/node_modules/@vue/compiler-core/dist/compiler-core.cjs.js:19:19)
      at emitError (/home/mayukh/dev/web/CS6131/node_modules/@vue/compiler-core/dist/compiler-core.cjs.js:1613:29)
      at parseAttribute (/home/mayukh/dev/web/CS6131/node_modules/@vue/compiler-core/dist/compiler-core.cjs.js:1364:13)
      at parseAttributes (/home/mayukh/dev/web/CS6131/node_modules/@vue/compiler-core/dist/compiler-core.cjs.js:1330:22)
      at parseTag (/home/mayukh/dev/web/CS6131/node_modules/@vue/compiler-core/dist/compiler-core.cjs.js:1199:17)
      at parseElement (/home/mayukh/dev/web/CS6131/node_modules/@vue/compiler-core/dist/compiler-core.cjs.js:1128:21)
      at parseChildren (/home/mayukh/dev/web/CS6131/node_modules/@vue/compiler-core/dist/compiler-core.cjs.js:943:28)
      at parseElement (/home/mayukh/dev/web/CS6131/node_modules/@vue/compiler-core/dist/compiler-core.cjs.js:1144:22)
      at parseChildren (/home/mayukh/dev/web/CS6131/node_modules/@vue/compiler-core/dist/compiler-core.cjs.js:943:28)
      at parseElement (/home/mayukh/dev/web/CS6131/node_modules/@vue/compiler-core/dist/compiler-core.cjs.js:1144:22)
12:55:41 PM [vite] hmr update /src/views/HomeView.vue
12:55:56 PM [vite] hmr update /src/views/HomeView.vue
12:56:00 PM [vite] hmr update /src/views/HomeView.vue
12:56:00 PM [vite] Internal server error: Element is missing end tag.
  Plugin: vite:vue
  File: /home/mayukh/dev/web/CS6131/src/views/HomeView.vue:40:7
  38 |  
  39 |        <div style="clear: both;"> </div>
  40 |        <p>
     |         ^
  41 |      </article>
  42 |    </main>
      at createCompilerError (/home/mayukh/dev/web/CS6131/node_modules/@vue/compiler-core/dist/compiler-core.cjs.js:19:19)
      at emitError (/home/mayukh/dev/web/CS6131/node_modules/@vue/compiler-core/dist/compiler-core.cjs.js:1613:29)
      at parseElement (/home/mayukh/dev/web/CS6131/node_modules/@vue/compiler-core/dist/compiler-core.cjs.js:1165:9)
      at parseChildren (/home/mayukh/dev/web/CS6131/node_modules/@vue/compiler-core/dist/compiler-core.cjs.js:943:28)
      at parseElement (/home/mayukh/dev/web/CS6131/node_modules/@vue/compiler-core/dist/compiler-core.cjs.js:1144:22)
      at parseChildren (/home/mayukh/dev/web/CS6131/node_modules/@vue/compiler-core/dist/compiler-core.cjs.js:943:28)
      at parseElement (/home/mayukh/dev/web/CS6131/node_modules/@vue/compiler-core/dist/compiler-core.cjs.js:1144:22)
      at parseChildren (/home/mayukh/dev/web/CS6131/node_modules/@vue/compiler-core/dist/compiler-core.cjs.js:943:28)
      at parseElement (/home/mayukh/dev/web/CS6131/node_modules/@vue/compiler-core/dist/compiler-core.cjs.js:1144:22)
      at parseChildren (/home/mayukh/dev/web/CS6131/node_modules/@vue/compiler-core/dist/compiler-core.cjs.js:943:28)
12:56:05 PM [vite] hmr update /src/views/HomeView.vue
12:56:33 PM [vite] hmr update /src/views/HomeView.vue
12:57:32 PM [vite] hmr update /src/views/HomeView.vue
12:57:54 PM [vite] hmr update /src/views/HomeView.vue
12:58:12 PM [vite] hmr update /src/views/HomeView.vue
12:58:28 PM [vite] hmr update /src/views/HomeView.vue
yarn run v1.22.19
$ vite

  VITE v4.0.4  ready in 260 ms

  ➜  Local:   http://localhost:5173/
  ➜  Network: use --host to expose
1:46:59 PM [vite] hmr update /src/views/HomeView.vue
1:47:25 PM [vite] hmr update /src/views/HomeView.vue
1:47:43 PM [vite] hmr update /src/views/HomeView.vue
1:47:51 PM [vite] hmr update /src/views/HomeView.vue
1:48:02 PM [vite] hmr update /src/views/HomeView.vue
2:23:24 PM [vite] hmr update /src/views/HomeView.vue
2:25:27 PM [vite] hmr update /src/views/HomeView.vue
2:25:30 PM [vite] hmr update /src/views/HomeView.vue
2:25:42 PM [vite] hmr update /src/views/HomeView.vue
2:26:58 PM [vite] hmr update /src/views/HomeView.vue
2:27:01 PM [vite] hmr update /src/views/HomeView.vue
2:27:05 PM [vite] hmr update /src/views/HomeView.vue
2:27:29 PM [vite] hmr update /src/views/HomeView.vue?vue&type=style&index=0&lang.scss
2:27:36 PM [vite] hmr update /src/views/HomeView.vue?vue&type=style&index=0&lang.scss
2:27:58 PM [vite] hmr update /src/views/HomeView.vue?vue&type=style&index=0&lang.scss
2:28:08 PM [vite] hmr update /src/views/HomeView.vue?vue&type=style&index=0&lang.scss
2:28:17 PM [vite] hmr update /src/views/HomeView.vue?vue&type=style&index=0&lang.scss
2:28:40 PM [vite] hmr update /src/views/HomeView.vue
2:29:13 PM [vite] hmr update /src/views/HomeView.vue
2:29:18 PM [vite] hmr update /src/views/HomeView.vue
2:29:30 PM [vite] hmr update /src/views/HomeView.vue
2:30:21 PM [vite] hmr update /src/views/HomeView.vue
2:30:34 PM [vite] hmr update /src/views/HomeView.vue
2:34:33 PM [vite] hmr update /src/views/HomeView.vue
2:35:11 PM [vite] hmr update /src/views/HomeView.vue
2:35:29 PM [vite] hmr update /src/views/HomeView.vue
2:35:53 PM [vite] hmr update /src/views/HomeView.vue
2:36:01 PM [vite] hmr update /src/views/HomeView.vue
2:36:16 PM [vite] hmr update /src/views/HomeView.vue
2:36:59 PM [vite] hmr update /src/views/HomeView.vue
2:37:08 PM [vite] hmr update /src/views/HomeView.vue
2:38:42 PM [vite] hmr update /src/views/HomeView.vue
2:38:46 PM [vite] hmr update /src/views/HomeView.vue
2:39:05 PM [vite] hmr update /src/views/HomeView.vue
2:40:41 PM [vite] hmr update /src/views/HomeView.vue
2:40:46 PM [vite] hmr update /src/views/HomeView.vue
2:43:28 PM [vite] hmr update /src/views/HomeView.vue
2:43:59 PM [vite] hmr update /src/views/HomeView.vue?vue&type=style&index=0&lang.scss
2:44:49 PM [vite] hmr update /src/views/HomeView.vue?vue&type=style&index=0&lang.scss
2:44:59 PM [vite] hmr update /src/views/HomeView.vue?vue&type=style&index=0&lang.scss
2:50:50 PM [vite] hmr update /src/views/HomeView.vue
yarn run v1.22.19
$ vite

  VITE v4.0.4  ready in 194 ms

  ➜  Local:   http://localhost:5173/
  ➜  Network: use --host to expose
4:06:34 PM [vite] hmr update /src/views/ContactView.vue
4:06:39 PM [vite] hmr update /src/views/ContactView.vue?vue&type=style&index=0&lang.scss, /src/views/ContactView.vue
4:07:09 PM [vite] hmr update /src/views/ContactView.vue
4:07:39 PM [vite] hmr update /src/views/ContactView.vue
4:09:48 PM [vite] hmr update /src/views/ContactView.vue
4:09:49 PM [vite] hmr update /src/views/ContactView.vue
4:10:15 PM [vite] hmr update /src/views/ContactView.vue?vue&type=style&index=0&lang.scss
4:10:15 PM [vite] Internal server error: [sass] Expected expression.
  ╷
4 │   margin-left: 
  │                ^
  ╵
  src/views/ContactView.vue 4:16  root stylesheet
  Plugin: vite:css
  File: /home/mayukh/dev/web/CS6131/src/views/ContactView.vue:12:13
  Error: Expected expression.
    ╷
  4 │   margin-left: 
    │                ^
    ╵
    src/views/ContactView.vue 4:16  root stylesheet
      at Object.wrapException (/home/mayukh/dev/web/CS6131/node_modules/sass/sass.dart.js:1247:17)
      at SpanScanner.error$3$length$position (/home/mayukh/dev/web/CS6131/node_modules/sass/sass.dart.js:67896:15)
      at SpanScanner.error$1 (/home/mayukh/dev/web/CS6131/node_modules/sass/sass.dart.js:67899:19)
      at ScssParser0._stylesheet0$_singleExpression$0 (/home/mayukh/dev/web/CS6131/node_modules/sass/sass.dart.js:96153:14)
      at ScssParser0._stylesheet0$_expression$3$bracketList$singleEquals$until (/home/mayukh/dev/web/CS6131/node_modules/sass/sass.dart.js:95755:40)
      at ScssParser0._stylesheet0$_expression$0 (/home/mayukh/dev/web/CS6131/node_modules/sass/sass.dart.js:96029:19)
      at ScssParser0._stylesheet0$_declarationOrBuffer$0 (/home/mayukh/dev/web/CS6131/node_modules/sass/sass.dart.js:94624:31)
      at ScssParser0._stylesheet0$_declarationOrStyleRule$0 (/home/mayukh/dev/web/CS6131/node_modules/sass/sass.dart.js:94550:35)
      at ScssParser0._stylesheet0$_statement$1$root (/home/mayukh/dev/web/CS6131/node_modules/sass/sass.dart.js:94462:166)
      at ScssParser0._stylesheet0$_statement$0 (/home/mayukh/dev/web/CS6131/node_modules/sass/sass.dart.js:94466:19)
4:10:21 PM [vite] hmr update /src/views/ContactView.vue?vue&type=style&index=0&lang.scss
4:10:59 PM [vite] hmr update /src/views/ContactView.vue
4:11:20 PM [vite] hmr update /src/views/ContactView.vue?vue&type=style&index=0&lang.scss
4:11:33 PM [vite] hmr update /src/views/ContactView.vue
4:11:33 PM [vite] Internal server error: Whitespace was expected.
  Plugin: vite:vue
  File: /home/mayukh/dev/web/CS6131/src/views/ContactView.vue:5:39
  3  |      <h1>Contact Us</h1>
  4  |      <h4>Leave us any Questions if need be.</h4>
  5  |      <i-textarea style="margin: 50rem;"v-model="value" class="center" placeholder="Type something.." />
     |                                         ^
  6  |    </div>
  7  |  </template>
      at createCompilerError (/home/mayukh/dev/web/CS6131/node_modules/@vue/compiler-core/dist/compiler-core.cjs.js:19:19)
      at emitError (/home/mayukh/dev/web/CS6131/node_modules/@vue/compiler-core/dist/compiler-core.cjs.js:1613:29)
      at parseAttributes (/home/mayukh/dev/web/CS6131/node_modules/@vue/compiler-core/dist/compiler-core.cjs.js:1342:13)
      at parseTag (/home/mayukh/dev/web/CS6131/node_modules/@vue/compiler-core/dist/compiler-core.cjs.js:1199:17)
      at parseElement (/home/mayukh/dev/web/CS6131/node_modules/@vue/compiler-core/dist/compiler-core.cjs.js:1128:21)
      at parseChildren (/home/mayukh/dev/web/CS6131/node_modules/@vue/compiler-core/dist/compiler-core.cjs.js:943:28)
      at parseElement (/home/mayukh/dev/web/CS6131/node_modules/@vue/compiler-core/dist/compiler-core.cjs.js:1144:22)
      at parseChildren (/home/mayukh/dev/web/CS6131/node_modules/@vue/compiler-core/dist/compiler-core.cjs.js:943:28)
      at parseElement (/home/mayukh/dev/web/CS6131/node_modules/@vue/compiler-core/dist/compiler-core.cjs.js:1144:22)
      at parseChildren (/home/mayukh/dev/web/CS6131/node_modules/@vue/compiler-core/dist/compiler-core.cjs.js:943:28)
4:11:38 PM [vite] hmr update /src/views/ContactView.vue
4:11:38 PM [vite] Internal server error: Whitespace was expected.
  Plugin: vite:vue
  File: /home/mayukh/dev/web/CS6131/src/views/ContactView.vue:5:44
  3  |      <h1>Contact Us</h1>
  4  |      <h4>Leave us any Questions if need be.</h4>
  5  |      <i-textarea style="margin-left: 50rem;"v-model="value" class="center" placeholder="Type something.." />
     |                                              ^
  6  |    </div>
  7  |  </template>
      at createCompilerError (/home/mayukh/dev/web/CS6131/node_modules/@vue/compiler-core/dist/compiler-core.cjs.js:19:19)
      at emitError (/home/mayukh/dev/web/CS6131/node_modules/@vue/compiler-core/dist/compiler-core.cjs.js:1613:29)
      at parseAttributes (/home/mayukh/dev/web/CS6131/node_modules/@vue/compiler-core/dist/compiler-core.cjs.js:1342:13)
      at parseTag (/home/mayukh/dev/web/CS6131/node_modules/@vue/compiler-core/dist/compiler-core.cjs.js:1199:17)
      at parseElement (/home/mayukh/dev/web/CS6131/node_modules/@vue/compiler-core/dist/compiler-core.cjs.js:1128:21)
      at parseChildren (/home/mayukh/dev/web/CS6131/node_modules/@vue/compiler-core/dist/compiler-core.cjs.js:943:28)
      at parseElement (/home/mayukh/dev/web/CS6131/node_modules/@vue/compiler-core/dist/compiler-core.cjs.js:1144:22)
      at parseChildren (/home/mayukh/dev/web/CS6131/node_modules/@vue/compiler-core/dist/compiler-core.cjs.js:943:28)
      at parseElement (/home/mayukh/dev/web/CS6131/node_modules/@vue/compiler-core/dist/compiler-core.cjs.js:1144:22)
      at parseChildren (/home/mayukh/dev/web/CS6131/node_modules/@vue/compiler-core/dist/compiler-core.cjs.js:943:28)
4:11:42 PM [vite] hmr update /src/views/ContactView.vue
4:11:50 PM [vite] hmr update /src/views/ContactView.vue
4:11:51 PM [vite] hmr update /src/views/ContactView.vue
4:11:56 PM [vite] hmr update /src/views/ContactView.vue
4:11:57 PM [vite] hmr update /src/views/ContactView.vue
4:12:16 PM [vite] hmr update /src/views/ContactView.vue
4:13:14 PM [vite] hmr update /src/views/ContactView.vue
4:13:14 PM [vite] Internal server error: Whitespace was expected.
  Plugin: vite:vue
  File: /home/mayukh/dev/web/CS6131/src/views/ContactView.vue:7:62
  5  |      <div style="clear: both; padding-top: 3rem"></div>
  6  |  
  7  |      <i-textarea style="padding-left: 20%; padding-right: 20%"v-model="value" placeholder="Type something.." />
     |                                                                ^
  8  |    </div>
  9  |  </template>
      at createCompilerError (/home/mayukh/dev/web/CS6131/node_modules/@vue/compiler-core/dist/compiler-core.cjs.js:19:19)
      at emitError (/home/mayukh/dev/web/CS6131/node_modules/@vue/compiler-core/dist/compiler-core.cjs.js:1613:29)
      at parseAttributes (/home/mayukh/dev/web/CS6131/node_modules/@vue/compiler-core/dist/compiler-core.cjs.js:1342:13)
      at parseTag (/home/mayukh/dev/web/CS6131/node_modules/@vue/compiler-core/dist/compiler-core.cjs.js:1199:17)
      at parseElement (/home/mayukh/dev/web/CS6131/node_modules/@vue/compiler-core/dist/compiler-core.cjs.js:1128:21)
      at parseChildren (/home/mayukh/dev/web/CS6131/node_modules/@vue/compiler-core/dist/compiler-core.cjs.js:943:28)
      at parseElement (/home/mayukh/dev/web/CS6131/node_modules/@vue/compiler-core/dist/compiler-core.cjs.js:1144:22)
      at parseChildren (/home/mayukh/dev/web/CS6131/node_modules/@vue/compiler-core/dist/compiler-core.cjs.js:943:28)
      at parseElement (/home/mayukh/dev/web/CS6131/node_modules/@vue/compiler-core/dist/compiler-core.cjs.js:1144:22)
      at parseChildren (/home/mayukh/dev/web/CS6131/node_modules/@vue/compiler-core/dist/compiler-core.cjs.js:943:28)
4:13:19 PM [vite] hmr update /src/views/ContactView.vue
4:13:24 PM [vite] hmr update /src/views/ContactView.vue
4:13:30 PM [vite] hmr update /src/views/ContactView.vue
4:13:50 PM [vite] hmr update /src/views/ContactView.vue
4:14:02 PM [vite] hmr update /src/views/ContactView.vue
4:14:13 PM [vite] hmr update /src/views/ContactView.vue
4:14:23 PM [vite] hmr update /src/views/ContactView.vue
4:14:35 PM [vite] hmr update /src/views/ContactView.vue
4:15:02 PM [vite] hmr update /src/views/ContactView.vue
4:15:17 PM [vite] hmr update /src/views/ContactView.vue?vue&type=style&index=0&lang.scss
4:15:20 PM [vite] hmr update /src/views/ContactView.vue?vue&type=style&index=0&lang.scss
4:15:24 PM [vite] hmr update /src/views/ContactView.vue?vue&type=style&index=0&lang.scss
4:15:46 PM [vite] hmr update /src/views/ContactView.vue
4:15:58 PM [vite] hmr update /src/views/ContactView.vue?vue&type=style&index=0&lang.scss, /src/views/ContactView.vue
4:16:03 PM [vite] hmr update /src/views/ContactView.vue?vue&type=style&index=0&lang.scss
4:16:03 PM [vite] Internal server error: [sass] expected ";".
  ╷
6 │   display: flex
  │          ^
  ╵
  src/views/ContactView.vue 6:10  root stylesheet
  Plugin: vite:css
  File: /home/mayukh/dev/web/CS6131/src/views/ContactView.vue:17:9
  Error: expected ";".
    ╷
  6 │   display: flex
    │          ^
    ╵
    src/views/ContactView.vue 6:10  root stylesheet
      at Object.wrapException (/home/mayukh/dev/web/CS6131/node_modules/sass/sass.dart.js:1247:17)
      at SpanScanner.error$3$length$position (/home/mayukh/dev/web/CS6131/node_modules/sass/sass.dart.js:67896:15)
      at SpanScanner.expectChar$2$name (/home/mayukh/dev/web/CS6131/node_modules/sass/sass.dart.js:67978:12)
      at SpanScanner.expectChar$1 (/home/mayukh/dev/web/CS6131/node_modules/sass/sass.dart.js:67981:19)
      at ScssParser0.expectStatementSeparator$1 (/home/mayukh/dev/web/CS6131/node_modules/sass/sass.dart.js:91302:10)
      at ScssParser0.expectStatementSeparator$0 (/home/mayukh/dev/web/CS6131/node_modules/sass/sass.dart.js:91305:19)
      at ScssParser0._stylesheet0$_declarationOrBuffer$0 (/home/mayukh/dev/web/CS6131/node_modules/sass/sass.dart.js:94629:17)
      at ScssParser0._stylesheet0$_declarationOrStyleRule$0 (/home/mayukh/dev/web/CS6131/node_modules/sass/sass.dart.js:94550:35)
      at ScssParser0._stylesheet0$_statement$1$root (/home/mayukh/dev/web/CS6131/node_modules/sass/sass.dart.js:94462:166)
      at ScssParser0._stylesheet0$_statement$0 (/home/mayukh/dev/web/CS6131/node_modules/sass/sass.dart.js:94466:19)
4:16:08 PM [vite] hmr update /src/views/ContactView.vue?vue&type=style&index=0&lang.scss
4:16:12 PM [vite] hmr update /src/views/ContactView.vue?vue&type=style&index=0&lang.scss
4:16:27 PM [vite] hmr update /src/views/ContactView.vue
4:16:34 PM [vite] hmr update /src/views/ContactView.vue
4:16:49 PM [vite] hmr update /src/views/ContactView.vue
4:17:59 PM [vite] hmr update /src/views/ContactView.vue
4:18:02 PM [vite] hmr update /src/views/ContactView.vue
4:18:20 PM [vite] hmr update /src/views/ContactView.vue
4:19:17 PM [vite] hmr update /src/views/ContactView.vue
4:19:17 PM [vite] Internal server error: [@vue/compiler-sfc] <script setup> cannot contain ES module exports. If you are using a previous version of <script setup>, please consult the updated RFC at https://github.com/vuejs/rfcs/pull/227.

/home/mayukh/dev/web/CS6131/src/views/ContactView.vue
1  |  <script lang="ts" setup>
2  |  
   |   ^
3  |  export default {
   |  ^^^^^^^^^^^^^^^^
4  |  
   |  ^
5  |    setup() {
   |  ^^^^^^^^^^^
6  |      return {
   |  ^^^^^^^^^^^^
7  |        options: ""
   |  ^^^^^^^^^^^^^^^^^
8  |      }
   |  ^^^^^
9  |    }
   |  ^^^
10 |  
   |  ^
11 |  }
   |  ^
  Plugin: vite:vue
  File: /home/mayukh/dev/web/CS6131/src/views/ContactView.vue
      at error (/home/mayukh/dev/web/CS6131/node_modules/@vue/compiler-sfc/dist/compiler-sfc.cjs.js:3589:15)
      at Object.compileScript (/home/mayukh/dev/web/CS6131/node_modules/@vue/compiler-sfc/dist/compiler-sfc.cjs.js:4265:13)
      at resolveScript (/home/mayukh/dev/web/CS6131/node_modules/@vitejs/plugin-vue/dist/index.cjs:272:31)
      at genScriptCode (/home/mayukh/dev/web/CS6131/node_modules/@vitejs/plugin-vue/dist/index.cjs:2403:18)
      at transformMain (/home/mayukh/dev/web/CS6131/node_modules/@vitejs/plugin-vue/dist/index.cjs:2219:54)
      at TransformContext.transform (/home/mayukh/dev/web/CS6131/node_modules/@vitejs/plugin-vue/dist/index.cjs:2702:16)
      at Object.transform (file:///home/mayukh/dev/web/CS6131/node_modules/vite/dist/node/chunks/dep-5e7f419b.js:41506:44)
      at async loadAndTransform (file:///home/mayukh/dev/web/CS6131/node_modules/vite/dist/node/chunks/dep-5e7f419b.js:39313:29)
4:19:30 PM [vite] hmr update /src/views/ContactView.vue
4:19:30 PM [vite] Internal server error: [@vue/compiler-sfc] <script setup> cannot contain ES module exports. If you are using a previous version of <script setup>, please consult the updated RFC at https://github.com/vuejs/rfcs/pull/227.

/home/mayukh/dev/web/CS6131/src/views/ContactView.vue
1  |  <script lang="ts" setup>
2  |  
   |   ^
3  |  export default {
   |  ^^^^^^^^^^^^^^^^
4  |  
   |  ^
5  |    setup() {
   |  ^^^^^^^^^^^
6  |      return {
   |  ^^^^^^^^^^^^
7  |        options: [""]
   |  ^^^^^^^^^^^^^^^^^^^
8  |      }
   |  ^^^^^
9  |    }
   |  ^^^
10 |  
   |  ^
11 |  }
   |  ^
  Plugin: vite:vue
  File: /home/mayukh/dev/web/CS6131/src/views/ContactView.vue
      at error (/home/mayukh/dev/web/CS6131/node_modules/@vue/compiler-sfc/dist/compiler-sfc.cjs.js:3589:15)
      at Object.compileScript (/home/mayukh/dev/web/CS6131/node_modules/@vue/compiler-sfc/dist/compiler-sfc.cjs.js:4265:13)
      at resolveScript (/home/mayukh/dev/web/CS6131/node_modules/@vitejs/plugin-vue/dist/index.cjs:272:31)
      at genScriptCode (/home/mayukh/dev/web/CS6131/node_modules/@vitejs/plugin-vue/dist/index.cjs:2403:18)
      at transformMain (/home/mayukh/dev/web/CS6131/node_modules/@vitejs/plugin-vue/dist/index.cjs:2219:54)
      at TransformContext.transform (/home/mayukh/dev/web/CS6131/node_modules/@vitejs/plugin-vue/dist/index.cjs:2702:16)
      at Object.transform (file:///home/mayukh/dev/web/CS6131/node_modules/vite/dist/node/chunks/dep-5e7f419b.js:41506:44)
      at async loadAndTransform (file:///home/mayukh/dev/web/CS6131/node_modules/vite/dist/node/chunks/dep-5e7f419b.js:39313:29)
4:19:58 PM [vite] hmr update /src/views/ContactView.vue
4:19:58 PM [vite] Internal server error: [@vue/compiler-sfc] <script setup> cannot contain ES module exports. If you are using a previous version of <script setup>, please consult the updated RFC at https://github.com/vuejs/rfcs/pull/227.

/home/mayukh/dev/web/CS6131/src/views/ContactView.vue
1  |  <script lang="ts" setup>
2  |  
   |   ^
3  |  export default {
   |  ^^^^^^^^^^^^^^^^
4  |  
   |  ^
5  |    setup() {
   |  ^^^^^^^^^^^
6  |      return {
   |  ^^^^^^^^^^^^
7  |        options: ["Recommendation", "Question", ]
   |  ^^^^^^^^^^^^^^^^^^^^^^^^^^^^^^^^^^^^^^^^^^^^^^^
8  |      }
   |  ^^^^^
9  |    }
   |  ^^^
10 |  
   |  ^
11 |  }
   |  ^
  Plugin: vite:vue
  File: /home/mayukh/dev/web/CS6131/src/views/ContactView.vue
      at error (/home/mayukh/dev/web/CS6131/node_modules/@vue/compiler-sfc/dist/compiler-sfc.cjs.js:3589:15)
      at Object.compileScript (/home/mayukh/dev/web/CS6131/node_modules/@vue/compiler-sfc/dist/compiler-sfc.cjs.js:4265:13)
      at resolveScript (/home/mayukh/dev/web/CS6131/node_modules/@vitejs/plugin-vue/dist/index.cjs:272:31)
      at genScriptCode (/home/mayukh/dev/web/CS6131/node_modules/@vitejs/plugin-vue/dist/index.cjs:2403:18)
      at transformMain (/home/mayukh/dev/web/CS6131/node_modules/@vitejs/plugin-vue/dist/index.cjs:2219:54)
      at TransformContext.transform (/home/mayukh/dev/web/CS6131/node_modules/@vitejs/plugin-vue/dist/index.cjs:2702:16)
      at Object.transform (file:///home/mayukh/dev/web/CS6131/node_modules/vite/dist/node/chunks/dep-5e7f419b.js:41506:44)
      at async loadAndTransform (file:///home/mayukh/dev/web/CS6131/node_modules/vite/dist/node/chunks/dep-5e7f419b.js:39313:29)
4:20:47 PM [vite] hmr update /src/views/ContactView.vue
4:20:47 PM [vite] Internal server error: [@vue/compiler-sfc] <script setup> cannot contain ES module exports. If you are using a previous version of <script setup>, please consult the updated RFC at https://github.com/vuejs/rfcs/pull/227.

/home/mayukh/dev/web/CS6131/src/views/ContactView.vue
1  |  <script lang="ts" setup>
2  |  
   |   ^
3  |  export default {
   |  ^^^^^^^^^^^^^^^^
4  |  
   |  ^
5  |    data() {
   |  ^^^^^^^^^^
6  |      return {
   |  ^^^^^^^^^^^^
7  |        options: ["Recommendation", "Question", ]
   |  ^^^^^^^^^^^^^^^^^^^^^^^^^^^^^^^^^^^^^^^^^^^^^^^
8  |      }
   |  ^^^^^
9  |    }
   |  ^^^
10 |  
   |  ^
11 |  }
   |  ^
  Plugin: vite:vue
  File: /home/mayukh/dev/web/CS6131/src/views/ContactView.vue
      at error (/home/mayukh/dev/web/CS6131/node_modules/@vue/compiler-sfc/dist/compiler-sfc.cjs.js:3589:15)
      at Object.compileScript (/home/mayukh/dev/web/CS6131/node_modules/@vue/compiler-sfc/dist/compiler-sfc.cjs.js:4265:13)
      at resolveScript (/home/mayukh/dev/web/CS6131/node_modules/@vitejs/plugin-vue/dist/index.cjs:272:31)
      at genScriptCode (/home/mayukh/dev/web/CS6131/node_modules/@vitejs/plugin-vue/dist/index.cjs:2403:18)
      at transformMain (/home/mayukh/dev/web/CS6131/node_modules/@vitejs/plugin-vue/dist/index.cjs:2219:54)
      at TransformContext.transform (/home/mayukh/dev/web/CS6131/node_modules/@vitejs/plugin-vue/dist/index.cjs:2702:16)
      at Object.transform (file:///home/mayukh/dev/web/CS6131/node_modules/vite/dist/node/chunks/dep-5e7f419b.js:41506:44)
      at async loadAndTransform (file:///home/mayukh/dev/web/CS6131/node_modules/vite/dist/node/chunks/dep-5e7f419b.js:39313:29)
[@vue/compiler-sfc] <script setup> cannot contain ES module exports. If you are using a previous version of <script setup>, please consult the updated RFC at https://github.com/vuejs/rfcs/pull/227.

/home/mayukh/dev/web/CS6131/src/views/ContactView.vue
1  |  <script lang="ts" setup>
2  |  
   |   ^
3  |  export default {
   |  ^^^^^^^^^^^^^^^^
4  |  
   |  ^
5  |    data() {
   |  ^^^^^^^^^^
6  |      return {
   |  ^^^^^^^^^^^^
7  |        options: ["Recommendation", "Question", ]
   |  ^^^^^^^^^^^^^^^^^^^^^^^^^^^^^^^^^^^^^^^^^^^^^^^
8  |      }
   |  ^^^^^
9  |    }
   |  ^^^
10 |  
   |  ^
11 |  }
   |  ^
4:20:49 PM [vite] Internal server error: [@vue/compiler-sfc] <script setup> cannot contain ES module exports. If you are using a previous version of <script setup>, please consult the updated RFC at https://github.com/vuejs/rfcs/pull/227.

/home/mayukh/dev/web/CS6131/src/views/ContactView.vue
1  |  <script lang="ts" setup>
2  |  
   |   ^
3  |  export default {
   |  ^^^^^^^^^^^^^^^^
4  |  
   |  ^
5  |    data() {
   |  ^^^^^^^^^^
6  |      return {
   |  ^^^^^^^^^^^^
7  |        options: ["Recommendation", "Question", ]
   |  ^^^^^^^^^^^^^^^^^^^^^^^^^^^^^^^^^^^^^^^^^^^^^^^
8  |      }
   |  ^^^^^
9  |    }
   |  ^^^
10 |  
   |  ^
11 |  }
   |  ^
  Plugin: vite:vue
  File: /home/mayukh/dev/web/CS6131/src/views/ContactView.vue
      at error (/home/mayukh/dev/web/CS6131/node_modules/@vue/compiler-sfc/dist/compiler-sfc.cjs.js:3589:15)
      at Object.compileScript (/home/mayukh/dev/web/CS6131/node_modules/@vue/compiler-sfc/dist/compiler-sfc.cjs.js:4265:13)
      at resolveScript (/home/mayukh/dev/web/CS6131/node_modules/@vitejs/plugin-vue/dist/index.cjs:272:31)
      at genScriptCode (/home/mayukh/dev/web/CS6131/node_modules/@vitejs/plugin-vue/dist/index.cjs:2403:18)
      at transformMain (/home/mayukh/dev/web/CS6131/node_modules/@vitejs/plugin-vue/dist/index.cjs:2219:54)
      at TransformContext.transform (/home/mayukh/dev/web/CS6131/node_modules/@vitejs/plugin-vue/dist/index.cjs:2702:16)
      at Object.transform (file:///home/mayukh/dev/web/CS6131/node_modules/vite/dist/node/chunks/dep-5e7f419b.js:41506:44)
      at async loadAndTransform (file:///home/mayukh/dev/web/CS6131/node_modules/vite/dist/node/chunks/dep-5e7f419b.js:39313:29)
4:20:55 PM [vite] hmr update /src/views/ContactView.vue
[@vue/compiler-sfc] <script setup> cannot contain ES module exports. If you are using a previous version of <script setup>, please consult the updated RFC at https://github.com/vuejs/rfcs/pull/227.

/home/mayukh/dev/web/CS6131/src/views/ContactView.vue
1  |  <script lang="ts" setup>
2  |  
   |   ^
3  |  export default {
   |  ^^^^^^^^^^^^^^^^
4  |  
   |  ^
5  |    data() {
   |  ^^^^^^^^^^
6  |      return {
   |  ^^^^^^^^^^^^
7  |        options: ["Recommendation", "Question"]
   |  ^^^^^^^^^^^^^^^^^^^^^^^^^^^^^^^^^^^^^^^^^^^^^
8  |      }
   |  ^^^^^
9  |    }
   |  ^^^
10 |  
   |  ^
11 |  }
   |  ^
4:20:56 PM [vite] Internal server error: [@vue/compiler-sfc] <script setup> cannot contain ES module exports. If you are using a previous version of <script setup>, please consult the updated RFC at https://github.com/vuejs/rfcs/pull/227.

/home/mayukh/dev/web/CS6131/src/views/ContactView.vue
1  |  <script lang="ts" setup>
2  |  
   |   ^
3  |  export default {
   |  ^^^^^^^^^^^^^^^^
4  |  
   |  ^
5  |    data() {
   |  ^^^^^^^^^^
6  |      return {
   |  ^^^^^^^^^^^^
7  |        options: ["Recommendation", "Question"]
   |  ^^^^^^^^^^^^^^^^^^^^^^^^^^^^^^^^^^^^^^^^^^^^^
8  |      }
   |  ^^^^^
9  |    }
   |  ^^^
10 |  
   |  ^
11 |  }
   |  ^
  Plugin: vite:vue
  File: /home/mayukh/dev/web/CS6131/src/views/ContactView.vue
      at error (/home/mayukh/dev/web/CS6131/node_modules/@vue/compiler-sfc/dist/compiler-sfc.cjs.js:3589:15)
      at Object.compileScript (/home/mayukh/dev/web/CS6131/node_modules/@vue/compiler-sfc/dist/compiler-sfc.cjs.js:4265:13)
      at resolveScript (/home/mayukh/dev/web/CS6131/node_modules/@vitejs/plugin-vue/dist/index.cjs:272:31)
      at genScriptCode (/home/mayukh/dev/web/CS6131/node_modules/@vitejs/plugin-vue/dist/index.cjs:2403:18)
      at transformMain (/home/mayukh/dev/web/CS6131/node_modules/@vitejs/plugin-vue/dist/index.cjs:2219:54)
      at TransformContext.transform (/home/mayukh/dev/web/CS6131/node_modules/@vitejs/plugin-vue/dist/index.cjs:2702:16)
      at Object.transform (file:///home/mayukh/dev/web/CS6131/node_modules/vite/dist/node/chunks/dep-5e7f419b.js:41506:44)
      at async loadAndTransform (file:///home/mayukh/dev/web/CS6131/node_modules/vite/dist/node/chunks/dep-5e7f419b.js:39313:29)
4:21:14 PM [vite] hmr update /src/views/ContactView.vue
[@vue/compiler-sfc] <script setup> cannot contain ES module exports. If you are using a previous version of <script setup>, please consult the updated RFC at https://github.com/vuejs/rfcs/pull/227.

/home/mayukh/dev/web/CS6131/src/views/ContactView.vue
1  |  <script lang="ts" setup>
2  |  
   |   ^
3  |  export default {
   |  ^^^^^^^^^^^^^^^^
4  |  
   |  ^
5  |    data() {
   |  ^^^^^^^^^^
6  |      options = ["Recommendation", "Question"]
   |  ^^^^^^^^^^^^^^^^^^^^^^^^^^^^^^^^^^^^^^^^^^^^
7  |  
   |  ^
8  |      
   |  ^^^^
9  |      return {
   |  ^^^^^^^^^^^^
10 |        options
   |  ^^^^^^^^^^^^^
11 |      }
   |  ^^^^^
12 |    }
   |  ^^^
13 |  
   |  ^
14 |  }
   |  ^
4:21:14 PM [vite] Internal server error: [@vue/compiler-sfc] <script setup> cannot contain ES module exports. If you are using a previous version of <script setup>, please consult the updated RFC at https://github.com/vuejs/rfcs/pull/227.

/home/mayukh/dev/web/CS6131/src/views/ContactView.vue
1  |  <script lang="ts" setup>
2  |  
   |   ^
3  |  export default {
   |  ^^^^^^^^^^^^^^^^
4  |  
   |  ^
5  |    data() {
   |  ^^^^^^^^^^
6  |      options = ["Recommendation", "Question"]
   |  ^^^^^^^^^^^^^^^^^^^^^^^^^^^^^^^^^^^^^^^^^^^^
7  |  
   |  ^
8  |      
   |  ^^^^
9  |      return {
   |  ^^^^^^^^^^^^
10 |        options
   |  ^^^^^^^^^^^^^
11 |      }
   |  ^^^^^
12 |    }
   |  ^^^
13 |  
   |  ^
14 |  }
   |  ^
  Plugin: vite:vue
  File: /home/mayukh/dev/web/CS6131/src/views/ContactView.vue
      at error (/home/mayukh/dev/web/CS6131/node_modules/@vue/compiler-sfc/dist/compiler-sfc.cjs.js:3589:15)
      at Object.compileScript (/home/mayukh/dev/web/CS6131/node_modules/@vue/compiler-sfc/dist/compiler-sfc.cjs.js:4265:13)
      at resolveScript (/home/mayukh/dev/web/CS6131/node_modules/@vitejs/plugin-vue/dist/index.cjs:272:31)
      at genScriptCode (/home/mayukh/dev/web/CS6131/node_modules/@vitejs/plugin-vue/dist/index.cjs:2403:18)
      at transformMain (/home/mayukh/dev/web/CS6131/node_modules/@vitejs/plugin-vue/dist/index.cjs:2219:54)
      at TransformContext.transform (/home/mayukh/dev/web/CS6131/node_modules/@vitejs/plugin-vue/dist/index.cjs:2702:16)
      at Object.transform (file:///home/mayukh/dev/web/CS6131/node_modules/vite/dist/node/chunks/dep-5e7f419b.js:41506:44)
      at async loadAndTransform (file:///home/mayukh/dev/web/CS6131/node_modules/vite/dist/node/chunks/dep-5e7f419b.js:39313:29)
4:21:15 PM [vite] hmr update /src/views/ContactView.vue
[@vue/compiler-sfc] <script setup> cannot contain ES module exports. If you are using a previous version of <script setup>, please consult the updated RFC at https://github.com/vuejs/rfcs/pull/227.

/home/mayukh/dev/web/CS6131/src/views/ContactView.vue
1  |  <script lang="ts" setup>
2  |  
   |   ^
3  |  export default {
   |  ^^^^^^^^^^^^^^^^
4  |  
   |  ^
5  |    data() {
   |  ^^^^^^^^^^
6  |      options = ["Recommendation", "Question"]
   |  ^^^^^^^^^^^^^^^^^^^^^^^^^^^^^^^^^^^^^^^^^^^^
7  |  
   |  ^
8  |      
   |  ^^^^
9  |      return {
   |  ^^^^^^^^^^^^
10 |        options,
   |  ^^^^^^^^^^^^^^
11 |      }
   |  ^^^^^
12 |    }
   |  ^^^
13 |  
   |  ^
14 |  }
   |  ^
4:21:15 PM [vite] Internal server error: [@vue/compiler-sfc] <script setup> cannot contain ES module exports. If you are using a previous version of <script setup>, please consult the updated RFC at https://github.com/vuejs/rfcs/pull/227.

/home/mayukh/dev/web/CS6131/src/views/ContactView.vue
1  |  <script lang="ts" setup>
2  |  
   |   ^
3  |  export default {
   |  ^^^^^^^^^^^^^^^^
4  |  
   |  ^
5  |    data() {
   |  ^^^^^^^^^^
6  |      options = ["Recommendation", "Question"]
   |  ^^^^^^^^^^^^^^^^^^^^^^^^^^^^^^^^^^^^^^^^^^^^
7  |  
   |  ^
8  |      
   |  ^^^^
9  |      return {
   |  ^^^^^^^^^^^^
10 |        options,
   |  ^^^^^^^^^^^^^^
11 |      }
   |  ^^^^^
12 |    }
   |  ^^^
13 |  
   |  ^
14 |  }
   |  ^
  Plugin: vite:vue
  File: /home/mayukh/dev/web/CS6131/src/views/ContactView.vue
      at error (/home/mayukh/dev/web/CS6131/node_modules/@vue/compiler-sfc/dist/compiler-sfc.cjs.js:3589:15)
      at Object.compileScript (/home/mayukh/dev/web/CS6131/node_modules/@vue/compiler-sfc/dist/compiler-sfc.cjs.js:4265:13)
      at resolveScript (/home/mayukh/dev/web/CS6131/node_modules/@vitejs/plugin-vue/dist/index.cjs:272:31)
      at genScriptCode (/home/mayukh/dev/web/CS6131/node_modules/@vitejs/plugin-vue/dist/index.cjs:2403:18)
      at transformMain (/home/mayukh/dev/web/CS6131/node_modules/@vitejs/plugin-vue/dist/index.cjs:2219:54)
      at TransformContext.transform (/home/mayukh/dev/web/CS6131/node_modules/@vitejs/plugin-vue/dist/index.cjs:2702:16)
      at Object.transform (file:///home/mayukh/dev/web/CS6131/node_modules/vite/dist/node/chunks/dep-5e7f419b.js:41506:44)
      at async loadAndTransform (file:///home/mayukh/dev/web/CS6131/node_modules/vite/dist/node/chunks/dep-5e7f419b.js:39313:29)
4:21:17 PM [vite] Internal server error: [@vue/compiler-sfc] <script setup> cannot contain ES module exports. If you are using a previous version of <script setup>, please consult the updated RFC at https://github.com/vuejs/rfcs/pull/227.

/home/mayukh/dev/web/CS6131/src/views/ContactView.vue
1  |  <script lang="ts" setup>
2  |  
   |   ^
3  |  export default {
   |  ^^^^^^^^^^^^^^^^
4  |  
   |  ^
5  |    data() {
   |  ^^^^^^^^^^
6  |      options = ["Recommendation", "Question"]
   |  ^^^^^^^^^^^^^^^^^^^^^^^^^^^^^^^^^^^^^^^^^^^^
7  |  
   |  ^
8  |      
   |  ^^^^
9  |      return {
   |  ^^^^^^^^^^^^
10 |        options,
   |  ^^^^^^^^^^^^^^
11 |      }
   |  ^^^^^
12 |    }
   |  ^^^
13 |  
   |  ^
14 |  }
   |  ^
  Plugin: vite:vue
  File: /home/mayukh/dev/web/CS6131/src/views/ContactView.vue
      at error (/home/mayukh/dev/web/CS6131/node_modules/@vue/compiler-sfc/dist/compiler-sfc.cjs.js:3589:15)
      at Object.compileScript (/home/mayukh/dev/web/CS6131/node_modules/@vue/compiler-sfc/dist/compiler-sfc.cjs.js:4265:13)
      at resolveScript (/home/mayukh/dev/web/CS6131/node_modules/@vitejs/plugin-vue/dist/index.cjs:272:31)
      at genScriptCode (/home/mayukh/dev/web/CS6131/node_modules/@vitejs/plugin-vue/dist/index.cjs:2403:18)
      at transformMain (/home/mayukh/dev/web/CS6131/node_modules/@vitejs/plugin-vue/dist/index.cjs:2219:54)
      at TransformContext.transform (/home/mayukh/dev/web/CS6131/node_modules/@vitejs/plugin-vue/dist/index.cjs:2702:16)
      at Object.transform (file:///home/mayukh/dev/web/CS6131/node_modules/vite/dist/node/chunks/dep-5e7f419b.js:41506:44)
      at async loadAndTransform (file:///home/mayukh/dev/web/CS6131/node_modules/vite/dist/node/chunks/dep-5e7f419b.js:39313:29)
4:21:31 PM [vite] hmr update /src/views/ContactView.vue
4:21:40 PM [vite] hmr update /src/views/ContactView.vue
4:21:41 PM [vite] hmr update /src/views/ContactView.vue
4:21:47 PM [vite] hmr update /src/views/ContactView.vue
4:21:54 PM [vite] hmr update /src/views/ContactView.vue
4:22:03 PM [vite] hmr update /src/views/ContactView.vue
4:23:35 PM [vite] hmr update /src/views/ContactView.vue
4:23:35 PM [vite] Internal server error: Transform failed with 1 error:
/home/mayukh/dev/web/CS6131/src/views/ContactView.vue:7:32: ERROR: Expected ":" but found "}"
  Plugin: vite:vue
  File: /home/mayukh/dev/web/CS6131/src/views/ContactView.vue:7:32
  
  Expected ":" but found "}"
  5  |    data() {
  6  |  
  7  |      options = [{"Recommendation"}, {"Question"}]
     |                                  ^
  8  |  
  9  |      return {
  
      at failureErrorWithLog (/home/mayukh/dev/web/CS6131/node_modules/esbuild/lib/main.js:1604:15)
      at /home/mayukh/dev/web/CS6131/node_modules/esbuild/lib/main.js:837:29
      at responseCallbacks.<computed> (/home/mayukh/dev/web/CS6131/node_modules/esbuild/lib/main.js:701:9)
      at handleIncomingPacket (/home/mayukh/dev/web/CS6131/node_modules/esbuild/lib/main.js:756:9)
      at Socket.readFromStdout (/home/mayukh/dev/web/CS6131/node_modules/esbuild/lib/main.js:677:7)
      at Socket.emit (node:events:513:28)
      at addChunk (node:internal/streams/readable:324:12)
      at readableAddChunk (node:internal/streams/readable:297:9)
      at Readable.push (node:internal/streams/readable:234:10)
      at Pipe.onStreamRead (node:internal/stream_base_commons:190:23)
4:23:45 PM [vite] hmr update /src/views/ContactView.vue
4:24:36 PM [vite] hmr update /src/views/ContactView.vue
4:24:55 PM [vite] hmr update /src/views/ContactView.vue
4:25:29 PM [vite] hmr update /src/views/ContactView.vue
4:26:33 PM [vite] hmr update /src/views/ContactView.vue?vue&type=style&index=0&lang.scss
4:26:50 PM [vite] hmr update /src/views/ContactView.vue?vue&type=style&index=0&lang.scss
4:27:03 PM [vite] hmr update /src/views/ContactView.vue?vue&type=style&index=0&lang.scss
4:27:15 PM [vite] hmr update /src/views/ContactView.vue?vue&type=style&index=0&lang.scss
4:27:20 PM [vite] hmr update /src/views/ContactView.vue?vue&type=style&index=0&lang.scss
4:28:17 PM [vite] hmr update /src/views/ContactView.vue?vue&type=style&index=0&lang.scss, /src/views/ContactView.vue
4:28:17 PM [vite] Internal server error: [sass] Expected expression.
  ╷
9 │   padding:
  │           ^
  ╵
  src/views/ContactView.vue 9:11  root stylesheet
  Plugin: vite:css
  File: /home/mayukh/dev/web/CS6131/src/views/ContactView.vue:52:9
  Error: Expected expression.
    ╷
  9 │   padding:
    │           ^
    ╵
    src/views/ContactView.vue 9:11  root stylesheet
      at Object.wrapException (/home/mayukh/dev/web/CS6131/node_modules/sass/sass.dart.js:1247:17)
      at SpanScanner.error$3$length$position (/home/mayukh/dev/web/CS6131/node_modules/sass/sass.dart.js:67896:15)
      at SpanScanner.error$1 (/home/mayukh/dev/web/CS6131/node_modules/sass/sass.dart.js:67899:19)
      at ScssParser0._stylesheet0$_singleExpression$0 (/home/mayukh/dev/web/CS6131/node_modules/sass/sass.dart.js:96153:14)
      at ScssParser0._stylesheet0$_expression$3$bracketList$singleEquals$until (/home/mayukh/dev/web/CS6131/node_modules/sass/sass.dart.js:95755:40)
      at ScssParser0._stylesheet0$_expression$0 (/home/mayukh/dev/web/CS6131/node_modules/sass/sass.dart.js:96029:19)
      at ScssParser0._stylesheet0$_declarationOrBuffer$0 (/home/mayukh/dev/web/CS6131/node_modules/sass/sass.dart.js:94624:31)
      at ScssParser0._stylesheet0$_declarationOrStyleRule$0 (/home/mayukh/dev/web/CS6131/node_modules/sass/sass.dart.js:94550:35)
      at ScssParser0._stylesheet0$_statement$1$root (/home/mayukh/dev/web/CS6131/node_modules/sass/sass.dart.js:94462:166)
      at ScssParser0._stylesheet0$_statement$0 (/home/mayukh/dev/web/CS6131/node_modules/sass/sass.dart.js:94466:19)
[sass] Expected expression.
  ╷
9 │   padding:
  │           ^
  ╵
  src/views/ContactView.vue 9:11  root stylesheet
4:28:28 PM [vite] hmr update /src/views/ContactView.vue?vue&type=style&index=0&lang.scss
4:28:32 PM [vite] hmr update /src/views/ContactView.vue?vue&type=style&index=0&lang.scss
4:28:33 PM [vite] hmr update /src/views/ContactView.vue?vue&type=style&index=0&lang.scss
4:28:46 PM [vite] hmr update /src/views/ContactView.vue
4:28:52 PM [vite] hmr update /src/views/ContactView.vue?vue&type=style&index=0&lang.scss
4:28:57 PM [vite] hmr update /src/views/ContactView.vue?vue&type=style&index=0&lang.scss
4:28:59 PM [vite] hmr update /src/views/ContactView.vue?vue&type=style&index=0&lang.scss
4:30:38 PM [vite] hmr update /src/views/ContactView.vue
4:30:41 PM [vite] hmr update /src/views/ContactView.vue
4:30:51 PM [vite] hmr update /src/views/ContactView.vue
4:30:58 PM [vite] hmr update /src/views/ContactView.vue
4:31:00 PM [vite] hmr update /src/views/ContactView.vue
4:31:08 PM [vite] hmr update /src/views/ContactView.vue
4:31:44 PM [vite] hmr update /src/views/ContactView.vue
4:31:48 PM [vite] hmr update /src/views/ContactView.vue
4:33:07 PM [vite] hmr update /src/views/ContactView.vue
4:33:19 PM [vite] hmr update /src/views/ContactView.vue
yarn run v1.22.19
$ vite

  VITE v4.0.4  ready in 192 ms

  ➜  Local:   http://localhost:5173/
  ➜  Network: use --host to expose
8:51:24 PM [vite] hmr update /src/views/SearchView.vue
8:51:32 PM [vite] hmr update /src/views/SearchView.vue
8:51:41 PM [vite] hmr update /src/views/SearchView.vue
8:53:12 PM [vite] hmr update /src/views/SearchView.vue
8:53:53 PM [vite] hmr update /src/views/SearchView.vue
8:54:13 PM [vite] hmr update /src/views/SearchView.vue
8:54:19 PM [vite] hmr update /src/views/SearchView.vue
8:54:41 PM [vite] hmr update /src/views/SearchView.vue
8:54:51 PM [vite] hmr update /src/views/SearchView.vue
